2012-06-14 00:27:50,751 - ResourceLoader instantiated: org.apache.velocity.runtime.resource.loader.FileResourceLoader
2012-06-14 00:27:50,752 - Do unicode file recognition:  false
2012-06-14 00:27:50,752 - FileResourceLoader : adding path '.'
2012-06-14 00:27:50,821 - ResourceCache: initialized (class org.apache.velocity.runtime.resource.ResourceCacheImpl) with class java.util.Collections$SynchronizedMap cache map.
2012-06-14 00:27:50,822 - Loaded System Directive: org.apache.velocity.runtime.directive.Stop
2012-06-14 00:27:50,834 - Loaded System Directive: org.apache.velocity.runtime.directive.Define
2012-06-14 00:27:50,834 - Loaded System Directive: org.apache.velocity.runtime.directive.Break
2012-06-14 00:27:50,846 - Loaded System Directive: org.apache.velocity.runtime.directive.Evaluate
2012-06-14 00:27:50,863 - Loaded System Directive: org.apache.velocity.runtime.directive.Literal
2012-06-14 00:27:50,865 - Loaded System Directive: org.apache.velocity.runtime.directive.Macro
2012-06-14 00:27:50,868 - Loaded System Directive: org.apache.velocity.runtime.directive.Parse
2012-06-14 00:27:50,870 - Loaded System Directive: org.apache.velocity.runtime.directive.Include
2012-06-14 00:27:50,871 - Loaded System Directive: org.apache.velocity.runtime.directive.Foreach
2012-06-14 00:27:50,935 - Created '20' parsers.
2012-06-14 00:27:50,942 - Velocimacro : "velocimacro.library" is not set.  Trying default library: VM_global_library.vm
2012-06-14 00:27:50,942 - Velocimacro : Default library not found.
2012-06-14 00:27:50,943 - Velocimacro : allowInline = true : VMs can be defined inline in templates
2012-06-14 00:27:50,943 - Velocimacro : allowInlineToOverride = false : VMs defined inline may NOT replace previous VM definitions
2012-06-14 00:27:50,943 - Velocimacro : allowInlineLocal = false : VMs defined inline will be global in scope if allowed.
2012-06-14 00:27:50,943 - Velocimacro : autoload off : VM system will not automatically reload global library macros
2012-06-14 21:55:04,814 - Log4JLogChute initialized using file 'velocity.log'
2012-06-14 21:55:04,814 - Initializing Velocity, Calling init()...
2012-06-14 21:55:04,814 - Starting Apache Velocity v1.7 (compiled: 2010-11-19 12:14:37)
2012-06-14 21:55:04,814 - Default Properties File: org/apache/velocity/runtime/defaults/velocity.properties
2012-06-14 21:55:04,814 - Trying to use logger class org.apache.velocity.runtime.log.AvalonLogChute
2012-06-14 21:55:04,814 - Target log system for org.apache.velocity.runtime.log.AvalonLogChute is not available (java.lang.NoClassDefFoundError: org/apache/log/format/Formatter).  Falling back to next log system...
2012-06-14 21:55:04,814 - Trying to use logger class org.apache.velocity.runtime.log.Log4JLogChute
2012-06-14 21:55:04,814 - Using logger class org.apache.velocity.runtime.log.Log4JLogChute
2012-06-14 21:55:04,818 - ResourceLoader instantiated: org.apache.velocity.runtime.resource.loader.FileResourceLoader
2012-06-14 21:55:04,819 - Do unicode file recognition:  false
2012-06-14 21:55:04,819 - FileResourceLoader : adding path '.'
2012-06-14 21:55:04,831 - ResourceCache: initialized (class org.apache.velocity.runtime.resource.ResourceCacheImpl) with class java.util.Collections$SynchronizedMap cache map.
2012-06-14 21:55:04,832 - Loaded System Directive: org.apache.velocity.runtime.directive.Stop
2012-06-14 21:55:04,833 - Loaded System Directive: org.apache.velocity.runtime.directive.Define
2012-06-14 21:55:04,834 - Loaded System Directive: org.apache.velocity.runtime.directive.Break
2012-06-14 21:55:04,834 - Loaded System Directive: org.apache.velocity.runtime.directive.Evaluate
2012-06-14 21:55:04,835 - Loaded System Directive: org.apache.velocity.runtime.directive.Literal
2012-06-14 21:55:04,836 - Loaded System Directive: org.apache.velocity.runtime.directive.Macro
2012-06-14 21:55:04,837 - Loaded System Directive: org.apache.velocity.runtime.directive.Parse
2012-06-14 21:55:04,838 - Loaded System Directive: org.apache.velocity.runtime.directive.Include
2012-06-14 21:55:04,838 - Loaded System Directive: org.apache.velocity.runtime.directive.Foreach
2012-06-14 21:55:04,867 - Created '20' parsers.
2012-06-14 21:55:04,872 - Velocimacro : "velocimacro.library" is not set.  Trying default library: VM_global_library.vm
2012-06-14 21:55:04,872 - Velocimacro : Default library not found.
2012-06-14 21:55:04,872 - Velocimacro : allowInline = true : VMs can be defined inline in templates
2012-06-14 21:55:04,872 - Velocimacro : allowInlineToOverride = false : VMs defined inline may NOT replace previous VM definitions
2012-06-14 21:55:04,872 - Velocimacro : allowInlineLocal = false : VMs defined inline will be global in scope if allowed.
2012-06-14 21:55:04,872 - Velocimacro : autoload off : VM system will not automatically reload global library macros
2012-06-14 23:12:02,068 - Log4JLogChute initialized using file 'velocity.log'
2012-06-14 23:12:02,077 - Initializing Velocity, Calling init()...
2012-06-14 23:12:02,077 - Starting Apache Velocity v1.7 (compiled: 2010-11-19 12:14:37)
2012-06-14 23:12:02,077 - Default Properties File: org/apache/velocity/runtime/defaults/velocity.properties
2012-06-14 23:12:02,077 - Trying to use logger class org.apache.velocity.runtime.log.AvalonLogChute
2012-06-14 23:12:02,077 - Target log system for org.apache.velocity.runtime.log.AvalonLogChute is not available (java.lang.NoClassDefFoundError: org/apache/log/format/Formatter).  Falling back to next log system...
2012-06-14 23:12:02,077 - Trying to use logger class org.apache.velocity.runtime.log.Log4JLogChute
2012-06-14 23:12:02,077 - Using logger class org.apache.velocity.runtime.log.Log4JLogChute
2012-06-14 23:12:02,098 - ResourceLoader instantiated: org.apache.velocity.runtime.resource.loader.FileResourceLoader
2012-06-14 23:12:02,099 - Do unicode file recognition:  false
2012-06-14 23:12:02,099 - FileResourceLoader : adding path '.'
2012-06-14 23:12:02,179 - ResourceCache: initialized (class org.apache.velocity.runtime.resource.ResourceCacheImpl) with class java.util.Collections$SynchronizedMap cache map.
2012-06-14 23:12:02,180 - Loaded System Directive: org.apache.velocity.runtime.directive.Stop
2012-06-14 23:12:02,203 - Loaded System Directive: org.apache.velocity.runtime.directive.Define
2012-06-14 23:12:02,204 - Loaded System Directive: org.apache.velocity.runtime.directive.Break
2012-06-14 23:12:02,205 - Loaded System Directive: org.apache.velocity.runtime.directive.Evaluate
2012-06-14 23:12:02,205 - Loaded System Directive: org.apache.velocity.runtime.directive.Literal
2012-06-14 23:12:02,207 - Loaded System Directive: org.apache.velocity.runtime.directive.Macro
2012-06-14 23:12:02,208 - Loaded System Directive: org.apache.velocity.runtime.directive.Parse
2012-06-14 23:12:02,209 - Loaded System Directive: org.apache.velocity.runtime.directive.Include
2012-06-14 23:12:02,210 - Loaded System Directive: org.apache.velocity.runtime.directive.Foreach
2012-06-14 23:12:02,243 - Created '20' parsers.
2012-06-14 23:12:02,264 - Velocimacro : "velocimacro.library" is not set.  Trying default library: VM_global_library.vm
2012-06-14 23:12:02,264 - Velocimacro : Default library not found.
2012-06-14 23:12:02,264 - Velocimacro : allowInline = true : VMs can be defined inline in templates
2012-06-14 23:12:02,264 - Velocimacro : allowInlineToOverride = false : VMs defined inline may NOT replace previous VM definitions
2012-06-14 23:12:02,264 - Velocimacro : allowInlineLocal = false : VMs defined inline will be global in scope if allowed.
2012-06-14 23:12:02,264 - Velocimacro : autoload off : VM system will not automatically reload global library macros
2012-06-14 23:15:06,882 - Log4JLogChute initialized using file 'velocity.log'
2012-06-14 23:15:06,917 - Initializing Velocity, Calling init()...
2012-06-14 23:15:06,918 - Starting Apache Velocity v1.7 (compiled: 2010-11-19 12:14:37)
2012-06-14 23:15:06,918 - Default Properties File: org/apache/velocity/runtime/defaults/velocity.properties
2012-06-14 23:15:06,918 - Trying to use logger class org.apache.velocity.runtime.log.AvalonLogChute
2012-06-14 23:15:06,918 - Target log system for org.apache.velocity.runtime.log.AvalonLogChute is not available (java.lang.NoClassDefFoundError: org/apache/log/format/Formatter).  Falling back to next log system...
2012-06-14 23:15:06,918 - Trying to use logger class org.apache.velocity.runtime.log.Log4JLogChute
2012-06-14 23:15:06,918 - Using logger class org.apache.velocity.runtime.log.Log4JLogChute
2012-06-14 23:15:06,927 - ResourceLoader instantiated: org.apache.velocity.runtime.resource.loader.FileResourceLoader
2012-06-14 23:15:06,928 - Do unicode file recognition:  false
2012-06-14 23:15:06,928 - FileResourceLoader : adding path '.'
2012-06-14 23:15:06,940 - ResourceCache: initialized (class org.apache.velocity.runtime.resource.ResourceCacheImpl) with class java.util.Collections$SynchronizedMap cache map.
2012-06-14 23:15:06,941 - Loaded System Directive: org.apache.velocity.runtime.directive.Stop
2012-06-14 23:15:06,943 - Loaded System Directive: org.apache.velocity.runtime.directive.Define
2012-06-14 23:15:06,943 - Loaded System Directive: org.apache.velocity.runtime.directive.Break
2012-06-14 23:15:06,944 - Loaded System Directive: org.apache.velocity.runtime.directive.Evaluate
2012-06-14 23:15:06,944 - Loaded System Directive: org.apache.velocity.runtime.directive.Literal
2012-06-14 23:15:06,945 - Loaded System Directive: org.apache.velocity.runtime.directive.Macro
2012-06-14 23:15:06,946 - Loaded System Directive: org.apache.velocity.runtime.directive.Parse
2012-06-14 23:15:06,947 - Loaded System Directive: org.apache.velocity.runtime.directive.Include
2012-06-14 23:15:06,948 - Loaded System Directive: org.apache.velocity.runtime.directive.Foreach
2012-06-14 23:15:06,976 - Created '20' parsers.
2012-06-14 23:15:06,981 - Velocimacro : "velocimacro.library" is not set.  Trying default library: VM_global_library.vm
2012-06-14 23:15:06,981 - Velocimacro : Default library not found.
2012-06-14 23:15:06,981 - Velocimacro : allowInline = true : VMs can be defined inline in templates
2012-06-14 23:15:06,981 - Velocimacro : allowInlineToOverride = false : VMs defined inline may NOT replace previous VM definitions
2012-06-14 23:15:06,981 - Velocimacro : allowInlineLocal = false : VMs defined inline will be global in scope if allowed.
2012-06-14 23:15:06,981 - Velocimacro : autoload off : VM system will not automatically reload global library macros
2012-06-16 23:39:03,682 - Log4JLogChute initialized using file 'velocity.log'
2012-06-16 23:39:03,698 - Initializing Velocity, Calling init()...
2012-06-16 23:39:03,698 - Starting Apache Velocity v1.7 (compiled: 2010-11-19 12:14:37)
2012-06-16 23:39:03,698 - Default Properties File: org/apache/velocity/runtime/defaults/velocity.properties
2012-06-16 23:39:03,698 - Trying to use logger class org.apache.velocity.runtime.log.AvalonLogChute
2012-06-16 23:39:03,698 - Target log system for org.apache.velocity.runtime.log.AvalonLogChute is not available (java.lang.NoClassDefFoundError: org/apache/log/format/Formatter).  Falling back to next log system...
2012-06-16 23:39:03,698 - Trying to use logger class org.apache.velocity.runtime.log.Log4JLogChute
2012-06-16 23:39:03,698 - Using logger class org.apache.velocity.runtime.log.Log4JLogChute
2012-06-16 23:39:03,708 - ResourceLoader instantiated: org.apache.velocity.runtime.resource.loader.FileResourceLoader
2012-06-16 23:39:03,709 - Do unicode file recognition:  false
2012-06-16 23:39:03,709 - FileResourceLoader : adding path '.'
2012-06-16 23:39:03,763 - ResourceCache: initialized (class org.apache.velocity.runtime.resource.ResourceCacheImpl) with class java.util.Collections$SynchronizedMap cache map.
2012-06-16 23:39:03,765 - Loaded System Directive: org.apache.velocity.runtime.directive.Stop
2012-06-16 23:39:03,779 - Loaded System Directive: org.apache.velocity.runtime.directive.Define
2012-06-16 23:39:03,779 - Loaded System Directive: org.apache.velocity.runtime.directive.Break
2012-06-16 23:39:03,780 - Loaded System Directive: org.apache.velocity.runtime.directive.Evaluate
2012-06-16 23:39:03,781 - Loaded System Directive: org.apache.velocity.runtime.directive.Literal
2012-06-16 23:39:03,782 - Loaded System Directive: org.apache.velocity.runtime.directive.Macro
2012-06-16 23:39:03,783 - Loaded System Directive: org.apache.velocity.runtime.directive.Parse
2012-06-16 23:39:03,784 - Loaded System Directive: org.apache.velocity.runtime.directive.Include
2012-06-16 23:39:03,785 - Loaded System Directive: org.apache.velocity.runtime.directive.Foreach
2012-06-16 23:39:03,814 - Created '20' parsers.
2012-06-16 23:39:03,820 - Velocimacro : "velocimacro.library" is not set.  Trying default library: VM_global_library.vm
2012-06-16 23:39:03,820 - Velocimacro : Default library not found.
2012-06-16 23:39:03,820 - Velocimacro : allowInline = true : VMs can be defined inline in templates
2012-06-16 23:39:03,820 - Velocimacro : allowInlineToOverride = false : VMs defined inline may NOT replace previous VM definitions
2012-06-16 23:39:03,820 - Velocimacro : allowInlineLocal = false : VMs defined inline will be global in scope if allowed.
2012-06-16 23:39:03,820 - Velocimacro : autoload off : VM system will not automatically reload global library macros
2012-06-16 23:39:57,730 - Log4JLogChute initialized using file 'velocity.log'
2012-06-16 23:39:57,730 - Initializing Velocity, Calling init()...
2012-06-16 23:39:57,730 - Starting Apache Velocity v1.7 (compiled: 2010-11-19 12:14:37)
2012-06-16 23:39:57,730 - Default Properties File: org/apache/velocity/runtime/defaults/velocity.properties
2012-06-16 23:39:57,730 - Trying to use logger class org.apache.velocity.runtime.log.AvalonLogChute
2012-06-16 23:39:57,730 - Target log system for org.apache.velocity.runtime.log.AvalonLogChute is not available (java.lang.NoClassDefFoundError: org/apache/log/format/Formatter).  Falling back to next log system...
2012-06-16 23:39:57,730 - Trying to use logger class org.apache.velocity.runtime.log.Log4JLogChute
2012-06-16 23:39:57,730 - Using logger class org.apache.velocity.runtime.log.Log4JLogChute
2012-06-16 23:39:57,734 - ResourceLoader instantiated: org.apache.velocity.runtime.resource.loader.FileResourceLoader
2012-06-16 23:39:57,735 - Do unicode file recognition:  false
2012-06-16 23:39:57,735 - FileResourceLoader : adding path '.'
2012-06-16 23:39:57,747 - ResourceCache: initialized (class org.apache.velocity.runtime.resource.ResourceCacheImpl) with class java.util.Collections$SynchronizedMap cache map.
2012-06-16 23:39:57,748 - Loaded System Directive: org.apache.velocity.runtime.directive.Stop
2012-06-16 23:39:57,749 - Loaded System Directive: org.apache.velocity.runtime.directive.Define
2012-06-16 23:39:57,750 - Loaded System Directive: org.apache.velocity.runtime.directive.Break
2012-06-16 23:39:57,750 - Loaded System Directive: org.apache.velocity.runtime.directive.Evaluate
2012-06-16 23:39:57,751 - Loaded System Directive: org.apache.velocity.runtime.directive.Literal
2012-06-16 23:39:57,752 - Loaded System Directive: org.apache.velocity.runtime.directive.Macro
2012-06-16 23:39:57,753 - Loaded System Directive: org.apache.velocity.runtime.directive.Parse
2012-06-16 23:39:57,754 - Loaded System Directive: org.apache.velocity.runtime.directive.Include
2012-06-16 23:39:57,755 - Loaded System Directive: org.apache.velocity.runtime.directive.Foreach
2012-06-16 23:39:57,781 - Created '20' parsers.
2012-06-16 23:39:57,785 - Velocimacro : "velocimacro.library" is not set.  Trying default library: VM_global_library.vm
2012-06-16 23:39:57,786 - Velocimacro : Default library not found.
2012-06-16 23:39:57,786 - Velocimacro : allowInline = true : VMs can be defined inline in templates
2012-06-16 23:39:57,786 - Velocimacro : allowInlineToOverride = false : VMs defined inline may NOT replace previous VM definitions
2012-06-16 23:39:57,786 - Velocimacro : allowInlineLocal = false : VMs defined inline will be global in scope if allowed.
2012-06-16 23:39:57,786 - Velocimacro : autoload off : VM system will not automatically reload global library macros
2012-06-16 23:44:58,636 - Log4JLogChute initialized using file 'velocity.log'
2012-06-16 23:44:58,636 - Initializing Velocity, Calling init()...
2012-06-16 23:44:58,636 - Starting Apache Velocity v1.7 (compiled: 2010-11-19 12:14:37)
2012-06-16 23:44:58,636 - Default Properties File: org/apache/velocity/runtime/defaults/velocity.properties
2012-06-16 23:44:58,636 - Trying to use logger class org.apache.velocity.runtime.log.AvalonLogChute
2012-06-16 23:44:58,636 - Target log system for org.apache.velocity.runtime.log.AvalonLogChute is not available (java.lang.NoClassDefFoundError: org/apache/log/format/Formatter).  Falling back to next log system...
2012-06-16 23:44:58,636 - Trying to use logger class org.apache.velocity.runtime.log.Log4JLogChute
2012-06-16 23:44:58,636 - Using logger class org.apache.velocity.runtime.log.Log4JLogChute
2012-06-16 23:44:58,640 - ResourceLoader instantiated: org.apache.velocity.runtime.resource.loader.FileResourceLoader
2012-06-16 23:44:58,641 - Do unicode file recognition:  false
2012-06-16 23:44:58,641 - FileResourceLoader : adding path '.'
2012-06-16 23:44:58,652 - ResourceCache: initialized (class org.apache.velocity.runtime.resource.ResourceCacheImpl) with class java.util.Collections$SynchronizedMap cache map.
2012-06-16 23:44:58,654 - Loaded System Directive: org.apache.velocity.runtime.directive.Stop
2012-06-16 23:44:58,655 - Loaded System Directive: org.apache.velocity.runtime.directive.Define
2012-06-16 23:44:58,655 - Loaded System Directive: org.apache.velocity.runtime.directive.Break
2012-06-16 23:44:58,656 - Loaded System Directive: org.apache.velocity.runtime.directive.Evaluate
2012-06-16 23:44:58,656 - Loaded System Directive: org.apache.velocity.runtime.directive.Literal
2012-06-16 23:44:58,657 - Loaded System Directive: org.apache.velocity.runtime.directive.Macro
2012-06-16 23:44:58,658 - Loaded System Directive: org.apache.velocity.runtime.directive.Parse
2012-06-16 23:44:58,659 - Loaded System Directive: org.apache.velocity.runtime.directive.Include
2012-06-16 23:44:58,660 - Loaded System Directive: org.apache.velocity.runtime.directive.Foreach
2012-06-16 23:44:58,688 - Created '20' parsers.
2012-06-16 23:44:58,693 - Velocimacro : "velocimacro.library" is not set.  Trying default library: VM_global_library.vm
2012-06-16 23:44:58,693 - Velocimacro : Default library not found.
2012-06-16 23:44:58,693 - Velocimacro : allowInline = true : VMs can be defined inline in templates
2012-06-16 23:44:58,693 - Velocimacro : allowInlineToOverride = false : VMs defined inline may NOT replace previous VM definitions
2012-06-16 23:44:58,693 - Velocimacro : allowInlineLocal = false : VMs defined inline will be global in scope if allowed.
2012-06-16 23:44:58,693 - Velocimacro : autoload off : VM system will not automatically reload global library macros
2012-06-16 23:56:12,527 - Log4JLogChute initialized using file 'velocity.log'
2012-06-16 23:56:12,528 - Initializing Velocity, Calling init()...
2012-06-16 23:56:12,528 - Starting Apache Velocity v1.7 (compiled: 2010-11-19 12:14:37)
2012-06-16 23:56:12,528 - Default Properties File: org/apache/velocity/runtime/defaults/velocity.properties
2012-06-16 23:56:12,528 - Trying to use logger class org.apache.velocity.runtime.log.AvalonLogChute
2012-06-16 23:56:12,528 - Target log system for org.apache.velocity.runtime.log.AvalonLogChute is not available (java.lang.NoClassDefFoundError: org/apache/log/format/Formatter).  Falling back to next log system...
2012-06-16 23:56:12,528 - Trying to use logger class org.apache.velocity.runtime.log.Log4JLogChute
2012-06-16 23:56:12,528 - Using logger class org.apache.velocity.runtime.log.Log4JLogChute
2012-06-16 23:56:12,534 - ResourceLoader instantiated: org.apache.velocity.runtime.resource.loader.FileResourceLoader
2012-06-16 23:56:12,536 - Do unicode file recognition:  false
2012-06-16 23:56:12,536 - FileResourceLoader : adding path '.'
2012-06-16 23:56:12,547 - ResourceCache: initialized (class org.apache.velocity.runtime.resource.ResourceCacheImpl) with class java.util.Collections$SynchronizedMap cache map.
2012-06-16 23:56:12,549 - Loaded System Directive: org.apache.velocity.runtime.directive.Stop
2012-06-16 23:56:12,551 - Loaded System Directive: org.apache.velocity.runtime.directive.Define
2012-06-16 23:56:12,552 - Loaded System Directive: org.apache.velocity.runtime.directive.Break
2012-06-16 23:56:12,553 - Loaded System Directive: org.apache.velocity.runtime.directive.Evaluate
2012-06-16 23:56:12,554 - Loaded System Directive: org.apache.velocity.runtime.directive.Literal
2012-06-16 23:56:12,555 - Loaded System Directive: org.apache.velocity.runtime.directive.Macro
2012-06-16 23:56:12,557 - Loaded System Directive: org.apache.velocity.runtime.directive.Parse
2012-06-16 23:56:12,558 - Loaded System Directive: org.apache.velocity.runtime.directive.Include
2012-06-16 23:56:12,560 - Loaded System Directive: org.apache.velocity.runtime.directive.Foreach
2012-06-16 23:56:12,593 - Created '20' parsers.
2012-06-16 23:56:12,598 - Velocimacro : "velocimacro.library" is not set.  Trying default library: VM_global_library.vm
2012-06-16 23:56:12,598 - Velocimacro : Default library not found.
2012-06-16 23:56:12,598 - Velocimacro : allowInline = true : VMs can be defined inline in templates
2012-06-16 23:56:12,598 - Velocimacro : allowInlineToOverride = false : VMs defined inline may NOT replace previous VM definitions
2012-06-16 23:56:12,598 - Velocimacro : allowInlineLocal = false : VMs defined inline will be global in scope if allowed.
2012-06-16 23:56:12,598 - Velocimacro : autoload off : VM system will not automatically reload global library macros
2012-06-17 00:11:34,629 - Log4JLogChute initialized using file 'velocity.log'
2012-06-17 00:11:34,741 - Initializing Velocity, Calling init()...
2012-06-17 00:11:34,742 - Starting Apache Velocity v1.7 (compiled: 2010-11-19 12:14:37)
2012-06-17 00:11:34,742 - Default Properties File: org/apache/velocity/runtime/defaults/velocity.properties
2012-06-17 00:11:34,742 - Trying to use logger class org.apache.velocity.runtime.log.AvalonLogChute
2012-06-17 00:11:34,742 - Target log system for org.apache.velocity.runtime.log.AvalonLogChute is not available (java.lang.NoClassDefFoundError: org/apache/log/format/Formatter).  Falling back to next log system...
2012-06-17 00:11:34,742 - Trying to use logger class org.apache.velocity.runtime.log.Log4JLogChute
2012-06-17 00:11:34,742 - Using logger class org.apache.velocity.runtime.log.Log4JLogChute
2012-06-17 00:11:34,750 - ResourceLoader instantiated: org.apache.velocity.runtime.resource.loader.FileResourceLoader
2012-06-17 00:11:34,752 - Do unicode file recognition:  false
2012-06-17 00:11:34,752 - FileResourceLoader : adding path '.'
2012-06-17 00:11:34,764 - ResourceCache: initialized (class org.apache.velocity.runtime.resource.ResourceCacheImpl) with class java.util.Collections$SynchronizedMap cache map.
2012-06-17 00:11:34,765 - Loaded System Directive: org.apache.velocity.runtime.directive.Stop
2012-06-17 00:11:34,766 - Loaded System Directive: org.apache.velocity.runtime.directive.Define
2012-06-17 00:11:34,767 - Loaded System Directive: org.apache.velocity.runtime.directive.Break
2012-06-17 00:11:34,767 - Loaded System Directive: org.apache.velocity.runtime.directive.Evaluate
2012-06-17 00:11:34,768 - Loaded System Directive: org.apache.velocity.runtime.directive.Literal
2012-06-17 00:11:34,769 - Loaded System Directive: org.apache.velocity.runtime.directive.Macro
2012-06-17 00:11:34,770 - Loaded System Directive: org.apache.velocity.runtime.directive.Parse
2012-06-17 00:11:34,771 - Loaded System Directive: org.apache.velocity.runtime.directive.Include
2012-06-17 00:11:34,772 - Loaded System Directive: org.apache.velocity.runtime.directive.Foreach
2012-06-17 00:11:34,799 - Created '20' parsers.
2012-06-17 00:11:34,804 - Velocimacro : "velocimacro.library" is not set.  Trying default library: VM_global_library.vm
2012-06-17 00:11:34,804 - Velocimacro : Default library not found.
2012-06-17 00:11:34,804 - Velocimacro : allowInline = true : VMs can be defined inline in templates
2012-06-17 00:11:34,804 - Velocimacro : allowInlineToOverride = false : VMs defined inline may NOT replace previous VM definitions
2012-06-17 00:11:34,804 - Velocimacro : allowInlineLocal = false : VMs defined inline will be global in scope if allowed.
2012-06-17 00:11:34,804 - Velocimacro : autoload off : VM system will not automatically reload global library macros
2012-06-17 00:16:00,646 - Log4JLogChute initialized using file 'velocity.log'
2012-06-17 00:16:00,843 - Initializing Velocity, Calling init()...
2012-06-17 00:16:00,843 - Starting Apache Velocity v1.7 (compiled: 2010-11-19 12:14:37)
2012-06-17 00:16:00,843 - Default Properties File: org/apache/velocity/runtime/defaults/velocity.properties
2012-06-17 00:16:00,843 - Trying to use logger class org.apache.velocity.runtime.log.AvalonLogChute
2012-06-17 00:16:00,843 - Target log system for org.apache.velocity.runtime.log.AvalonLogChute is not available (java.lang.NoClassDefFoundError: org/apache/log/format/Formatter).  Falling back to next log system...
2012-06-17 00:16:00,843 - Trying to use logger class org.apache.velocity.runtime.log.Log4JLogChute
2012-06-17 00:16:00,843 - Using logger class org.apache.velocity.runtime.log.Log4JLogChute
2012-06-17 00:16:00,851 - ResourceLoader instantiated: org.apache.velocity.runtime.resource.loader.FileResourceLoader
2012-06-17 00:16:00,852 - Do unicode file recognition:  false
2012-06-17 00:16:00,852 - FileResourceLoader : adding path '.'
2012-06-17 00:16:00,866 - ResourceCache: initialized (class org.apache.velocity.runtime.resource.ResourceCacheImpl) with class java.util.Collections$SynchronizedMap cache map.
2012-06-17 00:16:00,867 - Loaded System Directive: org.apache.velocity.runtime.directive.Stop
2012-06-17 00:16:00,868 - Loaded System Directive: org.apache.velocity.runtime.directive.Define
2012-06-17 00:16:00,869 - Loaded System Directive: org.apache.velocity.runtime.directive.Break
2012-06-17 00:16:00,869 - Loaded System Directive: org.apache.velocity.runtime.directive.Evaluate
2012-06-17 00:16:00,870 - Loaded System Directive: org.apache.velocity.runtime.directive.Literal
2012-06-17 00:16:00,870 - Loaded System Directive: org.apache.velocity.runtime.directive.Macro
2012-06-17 00:16:00,871 - Loaded System Directive: org.apache.velocity.runtime.directive.Parse
2012-06-17 00:16:00,872 - Loaded System Directive: org.apache.velocity.runtime.directive.Include
2012-06-17 00:16:00,873 - Loaded System Directive: org.apache.velocity.runtime.directive.Foreach
2012-06-17 00:16:00,899 - Created '20' parsers.
2012-06-17 00:16:00,904 - Velocimacro : "velocimacro.library" is not set.  Trying default library: VM_global_library.vm
2012-06-17 00:16:00,904 - Velocimacro : Default library not found.
2012-06-17 00:16:00,904 - Velocimacro : allowInline = true : VMs can be defined inline in templates
2012-06-17 00:16:00,904 - Velocimacro : allowInlineToOverride = false : VMs defined inline may NOT replace previous VM definitions
2012-06-17 00:16:00,904 - Velocimacro : allowInlineLocal = false : VMs defined inline will be global in scope if allowed.
2012-06-17 00:16:00,904 - Velocimacro : autoload off : VM system will not automatically reload global library macros
